# JRE version: OpenJDK Runtime Environment (11.0.2+9) (build 11.0.2+9)
# Java VM: OpenJDK 64-Bit Server VM (11.0.2+9, mixed mode, tiered, compressed oops, g1 gc, windows-amd64)
Heap:
 garbage-first heap   total 368640K, used 206964K [0x00000000c0000000, 0x0000000100000000)
  region size 1024K, 73 young (74752K), 10 survivors (10240K)
 Metaspace       used 80392K, capacity 83369K, committed 84380K, reserved 1124352K
  class space    used 8161K, capacity 9256K, committed 9496K, reserved 1048576K
GC Heap History (10 events):
Event: 2778.870 GC heap before
{Heap before GC invocations=40 (full 0):
 garbage-first heap   total 368640K, used 306816K [0x00000000c0000000, 0x0000000100000000)
  region size 1024K, 216 young (221184K), 18 survivors (18432K)
 Metaspace       used 79856K, capacity 83287K, committed 83356K, reserved 1124352K
  class space    used 8236K, capacity 9429K, committed 9496K, reserved 1048576K
}
Event: 2778.911 GC heap after
{Heap after GC invocations=41 (full 0):
 garbage-first heap   total 368640K, used 109974K [0x00000000c0000000, 0x0000000100000000)
  region size 1024K, 19 young (19456K), 19 survivors (19456K)
 Metaspace       used 79856K, capacity 83287K, committed 83356K, reserved 1124352K
  class space    used 8236K, capacity 9429K, committed 9496K, reserved 1048576K
}
Event: 4743.028 GC heap before
{Heap before GC invocations=41 (full 0):
 garbage-first heap   total 368640K, used 310678K [0x00000000c0000000, 0x0000000100000000)
  region size 1024K, 215 young (220160K), 19 survivors (19456K)
 Metaspace       used 80341K, capacity 83683K, committed 83868K, reserved 1124352K
  class space    used 8244K, capacity 9430K, committed 9496K, reserved 1048576K
}
Event: 4743.073 GC heap after
{Heap after GC invocations=42 (full 0):
 garbage-first heap   total 368640K, used 109914K [0x00000000c0000000, 0x0000000100000000)
  region size 1024K, 7 young (7168K), 7 survivors (7168K)
 Metaspace       used 80341K, capacity 83683K, committed 83868K, reserved 1124352K
  class space    used 8244K, capacity 9430K, committed 9496K, reserved 1048576K
}
Event: 5059.906 GC heap before
{Heap before GC invocations=42 (full 0):
 garbage-first heap   total 368640K, used 311642K [0x00000000c0000000, 0x0000000100000000)
  region size 1024K, 205 young (209920K), 7 survivors (7168K)
 Metaspace       used 80529K, capacity 83879K, committed 84124K, reserved 1124352K
  class space    used 8244K, capacity 9430K, committed 9496K, reserved 1048576K
}
Event: 5059.935 GC heap after
{Heap after GC invocations=43 (full 0):
 garbage-first heap   total 368640K, used 110426K [0x00000000c0000000, 0x0000000100000000)
  region size 1024K, 7 young (7168K), 7 survivors (7168K)
 Metaspace       used 80529K, capacity 83879K, committed 84124K, reserved 1124352K
  class space    used 8244K, capacity 9430K, committed 9496K, reserved 1048576K
}
Event: 5069.552 GC heap before
{Heap before GC invocations=43 (full 0):
 garbage-first heap   total 368640K, used 320346K [0x00000000c0000000, 0x0000000100000000)
  region size 1024K, 206 young (210944K), 7 survivors (7168K)
 Metaspace       used 80762K, capacity 84072K, committed 84380K, reserved 1124352K
  class space    used 8250K, capacity 9430K, committed 9496K, reserved 1048576K
}
Event: 5069.565 GC heap after
{Heap after GC invocations=44 (full 0):
 garbage-first heap   total 368640K, used 109739K [0x00000000c0000000, 0x0000000100000000)
  region size 1024K, 7 young (7168K), 7 survivors (7168K)
 Metaspace       used 80762K, capacity 84072K, committed 84380K, reserved 1124352K
  class space    used 8250K, capacity 9430K, committed 9496K, reserved 1048576K
}
Event: 5071.258 GC heap before
{Heap before GC invocations=44 (full 0):
 garbage-first heap   total 368640K, used 293035K [0x00000000c0000000, 0x0000000100000000)
  region size 1024K, 127 young (130048K), 7 survivors (7168K)
 Metaspace       used 80842K, capacity 84137K, committed 84380K, reserved 1124352K
  class space    used 8252K, capacity 9430K, committed 9496K, reserved 1048576K
}
Event: 5071.278 GC heap after
{Heap after GC invocations=45 (full 0):
 garbage-first heap   total 368640K, used 116852K [0x00000000c0000000, 0x0000000100000000)
  region size 1024K, 10 young (10240K), 10 survivors (10240K)
 Metaspace       used 80842K, capacity 84137K, committed 84380K, reserved 1124352K
  class space    used 8252K, capacity 9430K, committed 9496K, reserved 1048576K
}

